<?xml version="1.0" encoding="UTF-8" standalone="no"?>
<testsuite failures="0" name="cucumber.runtime.formatter.JUnitFormatter" skipped="0" tests="1" time="16.865802">
<testcase classname="Product" name="Check Product" time="16.865802">
<system-out><![CDATA[Given I navigate to BMIGroup................................................passed
When I click on Product.....................................................passed
And I Select Product........................................................passed
Then I can see Product Page successfully....................................passed
]]></system-out>
</testcase>
</testsuite>
